..\bin\win32\IdealOEye.pdb
D:\VERSION\OPENVR\SAMPLES\BIN\WIN32\IDEALOEYE.EXE
D:\VERSION\OPENVR\SAMPLES\BIN\WIN32\IDEALOEYE.PDB
D:\version\openvr\samples\hellovr_opengl\..\bin\win32\IdealOEye.exe
D:\version\openvr\samples\hellovr_opengl\Release\cl.command.1.tlog
D:\version\openvr\samples\hellovr_opengl\Release\CL.read.1.tlog
D:\version\openvr\samples\hellovr_opengl\Release\CL.write.1.tlog
D:\version\openvr\samples\hellovr_opengl\Release\hellovr_opengl.vcxprojResolveAssemblyReference.cache
D:\version\openvr\samples\hellovr_opengl\Release\hellovr_opengl.write.1.tlog
D:\VERSION\OPENVR\SAMPLES\HELLOVR_OPENGL\RELEASE\HELLOVR_OPENGL_MAIN.OBJ
D:\VERSION\OPENVR\SAMPLES\HELLOVR_OPENGL\RELEASE\IDEALOEYE.EXE.INTERMEDIATE.MANIFEST
D:\version\openvr\samples\hellovr_opengl\Release\link.command.1.tlog
D:\version\openvr\samples\hellovr_opengl\Release\link.read.1.tlog
D:\version\openvr\samples\hellovr_opengl\Release\link.write.1.tlog
D:\VERSION\OPENVR\SAMPLES\HELLOVR_OPENGL\RELEASE\LODEPNG.OBJ
D:\VERSION\OPENVR\SAMPLES\HELLOVR_OPENGL\RELEASE\MATRICES.OBJ
D:\version\openvr\samples\hellovr_opengl\Release\mt.command.1.tlog
D:\version\openvr\samples\hellovr_opengl\Release\mt.read.1.tlog
D:\version\openvr\samples\hellovr_opengl\Release\mt.write.1.tlog
D:\VERSION\OPENVR\SAMPLES\HELLOVR_OPENGL\RELEASE\PATHTOOLS.OBJ
D:\VERSION\OPENVR\SAMPLES\HELLOVR_OPENGL\RELEASE\STRTOOLS.OBJ
D:\VERSION\OPENVR\SAMPLES\HELLOVR_OPENGL\RELEASE\VC100.PDB
